<?xml version="1.0" encoding="UTF-8"?>
<!-- Generated by org.testng.reporters.JUnitReportReporter -->
<testsuite skipped="0" hostname="HBADT4950745" name="SeleniumTestscripts.TestCase2" tests="1" failures="0" timestamp="27 Feb 2021 12:26:22 GMT" time="25.546" errors="0">
  <testcase name="Login" time="25.546" classname="SeleniumTestscripts.TestCase2"/>
</testsuite> <!-- SeleniumTestscripts.TestCase2 -->
