<?xml version="1.0" encoding="UTF-8"?>
<!-- Generated by org.testng.reporters.JUnitReportReporter -->
<testsuite skipped="0" hostname="HBADT4950745" name="SeleniumTestscripts.TestCase15" tests="3" failures="0" timestamp="14 Mar 2021 08:20:39 GMT" time="33.543" errors="0">
  <testcase name="Login" time="30.513" classname="SeleniumTestscripts.TestCase15"/>
  <testcase name="maintenance" time="2.706" classname="SeleniumTestscripts.TestCase15"/>
  <testcase name="close" time="0.324" classname="SeleniumTestscripts.TestCase15"/>
</testsuite> <!-- SeleniumTestscripts.TestCase15 -->
