<?xml version="1.0" encoding="UTF-8"?>
<!-- Generated by org.testng.reporters.JUnitReportReporter -->
<testsuite skipped="0" hostname="HBADT4950745" name="SeleniumTestscripts.TestCase4" tests="1" failures="0" timestamp="02 Mar 2021 12:09:35 GMT" time="21.550" errors="0">
  <testcase name="Login" time="21.550" classname="SeleniumTestscripts.TestCase4"/>
</testsuite> <!-- SeleniumTestscripts.TestCase4 -->
