<?xml version="1.0" encoding="UTF-8"?>
<!-- Generated by org.testng.reporters.JUnitReportReporter -->
<testsuite skipped="0" hostname="HBADT4950745" name="SeleniumTestscripts.TestCase8" tests="8" failures="0" timestamp="14 Mar 2021 10:04:05 GMT" time="59.886" errors="0">
  <testcase name="Login" time="33.590" classname="SeleniumTestscripts.TestCase8"/>
  <testcase name="admin" time="4.151" classname="SeleniumTestscripts.TestCase8"/>
  <testcase name="pim" time="2.886" classname="SeleniumTestscripts.TestCase8"/>
  <testcase name="leave" time="5.054" classname="SeleniumTestscripts.TestCase8"/>
  <testcase name="dashboard" time="1.853" classname="SeleniumTestscripts.TestCase8"/>
  <testcase name="directory" time="10.133" classname="SeleniumTestscripts.TestCase8"/>
  <testcase name="maintenance" time="1.993" classname="SeleniumTestscripts.TestCase8"/>
  <testcase name="close" time="0.226" classname="SeleniumTestscripts.TestCase8"/>
</testsuite> <!-- SeleniumTestscripts.TestCase8 -->
