<?xml version="1.0" encoding="UTF-8"?>
<!-- Generated by org.testng.reporters.JUnitReportReporter -->
<testsuite skipped="0" hostname="HBADT4950745" name="SeleniumTestscripts.TestCase7" tests="1" failures="0" timestamp="14 Mar 2021 09:21:26 GMT" time="11.050" errors="0">
  <testcase name="Login" time="11.050" classname="SeleniumTestscripts.TestCase7"/>
</testsuite> <!-- SeleniumTestscripts.TestCase7 -->
