<?xml version="1.0" encoding="UTF-8"?>
<!-- Generated by org.testng.reporters.JUnitReportReporter -->
<testsuite skipped="0" hostname="HBADT4950745" name="SeleniumTestscripts.TestCase6" tests="1" failures="0" timestamp="14 Mar 2021 09:06:52 GMT" time="0.018" errors="0">
  <testcase name="beforeSuiteTest" time="0.018" classname="SeleniumTestscripts.TestCase6"/>
</testsuite> <!-- SeleniumTestscripts.TestCase6 -->
