<?xml version="1.0" encoding="UTF-8"?>
<!-- Generated by org.testng.reporters.JUnitReportReporter -->
<testsuite skipped="0" hostname="HBADT4950745" name="SeleniumTestscripts.TestCase13" tests="4" failures="0" timestamp="14 Mar 2021 08:28:01 GMT" time="40.272" errors="0">
  <testcase name="Login" time="30.083" classname="SeleniumTestscripts.TestCase13"/>
  <testcase name="pimTab" time="6.260" classname="SeleniumTestscripts.TestCase13"/>
  <testcase name="fullPageScreenshot" time="3.652" classname="SeleniumTestscripts.TestCase13"/>
  <testcase name="close" time="0.277" classname="SeleniumTestscripts.TestCase13"/>
</testsuite> <!-- SeleniumTestscripts.TestCase13 -->
