<?xml version="1.0" encoding="UTF-8"?>
<!-- Generated by org.testng.reporters.JUnitReportReporter -->
<testsuite skipped="0" hostname="HBADT4950745" name="SeleniumTestscripts.TestCase11_12" tests="3" failures="0" timestamp="14 Mar 2021 09:00:09 GMT" time="34.131" errors="0">
  <testcase name="Login" time="28.473" classname="SeleniumTestscripts.TestCase11_12"/>
  <testcase name="method1" time="4.649" classname="SeleniumTestscripts.TestCase11_12"/>
  <testcase name="tearDown" time="1.009" classname="SeleniumTestscripts.TestCase11_12"/>
</testsuite> <!-- SeleniumTestscripts.TestCase11_12 -->
