<?xml version="1.0" encoding="UTF-8"?>
<!-- Generated by org.testng.reporters.JUnitReportReporter -->
<testsuite skipped="0" hostname="HBADT4950745" name="SeleniumTestscripts.TestCase3" tests="1" failures="0" timestamp="02 Mar 2021 12:19:14 GMT" time="17.709" errors="0">
  <testcase name="Login" time="17.709" classname="SeleniumTestscripts.TestCase3"/>
</testsuite> <!-- SeleniumTestscripts.TestCase3 -->
