<?xml version="1.0" encoding="UTF-8"?>
<!-- Generated by org.testng.reporters.JUnitReportReporter -->
<testsuite skipped="0" hostname="HBADT4950745" name="SeleniumTestscripts.TestCase5" tests="1" failures="0" timestamp="02 Mar 2021 15:07:05 GMT" time="31.963" errors="0">
  <testcase name="Login" time="31.963" classname="SeleniumTestscripts.TestCase5"/>
</testsuite> <!-- SeleniumTestscripts.TestCase5 -->
